c:\users\20027\onedrive\desktop\intro to game programming\assignments\lunar lander\lunar lander\debug\vc143.pdb
c:\users\20027\onedrive\desktop\intro to game programming\assignments\lunar lander\lunar lander\debug\vc143.idb
c:\users\20027\onedrive\desktop\intro to game programming\assignments\lunar lander\lunar lander\debug\shaderprogram.obj
c:\users\20027\onedrive\desktop\intro to game programming\assignments\lunar lander\lunar lander\debug\main.obj
c:\users\20027\onedrive\desktop\intro to game programming\assignments\lunar lander\lunar lander\debug\vector2.obj
c:\users\20027\onedrive\desktop\intro to game programming\assignments\lunar lander\lunar lander\debug\gameobject.obj
c:\users\20027\onedrive\desktop\intro to game programming\assignments\lunar lander\lunar lander\debug\complexcollisionbody.obj
c:\users\20027\onedrive\desktop\intro to game programming\assignments\lunar lander\lunar lander\debug\complexcollision.obj
c:\users\20027\onedrive\desktop\intro to game programming\assignments\lunar lander\lunar lander\debug\texturerender.obj
c:\users\20027\onedrive\desktop\intro to game programming\assignments\lunar lander\lunar lander\debug\stbi_loader.obj
c:\users\20027\onedrive\desktop\intro to game programming\assignments\lunar lander\debug\lunar lander.exe
c:\users\20027\onedrive\desktop\intro to game programming\assignments\lunar lander\debug\lunar lander.pdb
c:\users\20027\onedrive\desktop\intro to game programming\assignments\lunar lander\lunar lander\debug\lunar lander.ilk
c:\users\20027\onedrive\desktop\intro to game programming\assignments\lunar lander\lunar lander\debug\lunar lander.tlog\cl.command.1.tlog
c:\users\20027\onedrive\desktop\intro to game programming\assignments\lunar lander\lunar lander\debug\lunar lander.tlog\cl.items.tlog
c:\users\20027\onedrive\desktop\intro to game programming\assignments\lunar lander\lunar lander\debug\lunar lander.tlog\cl.read.1.tlog
c:\users\20027\onedrive\desktop\intro to game programming\assignments\lunar lander\lunar lander\debug\lunar lander.tlog\cl.write.1.tlog
c:\users\20027\onedrive\desktop\intro to game programming\assignments\lunar lander\lunar lander\debug\lunar lander.tlog\link-cvtres.read.1.tlog
c:\users\20027\onedrive\desktop\intro to game programming\assignments\lunar lander\lunar lander\debug\lunar lander.tlog\link-cvtres.write.1.tlog
c:\users\20027\onedrive\desktop\intro to game programming\assignments\lunar lander\lunar lander\debug\lunar lander.tlog\link-rc.read.1.tlog
c:\users\20027\onedrive\desktop\intro to game programming\assignments\lunar lander\lunar lander\debug\lunar lander.tlog\link-rc.write.1.tlog
c:\users\20027\onedrive\desktop\intro to game programming\assignments\lunar lander\lunar lander\debug\lunar lander.tlog\link.34908-cvtres.read.1.tlog
c:\users\20027\onedrive\desktop\intro to game programming\assignments\lunar lander\lunar lander\debug\lunar lander.tlog\link.34908-cvtres.write.1.tlog
c:\users\20027\onedrive\desktop\intro to game programming\assignments\lunar lander\lunar lander\debug\lunar lander.tlog\link.34908-rc.read.1.tlog
c:\users\20027\onedrive\desktop\intro to game programming\assignments\lunar lander\lunar lander\debug\lunar lander.tlog\link.34908-rc.write.1.tlog
c:\users\20027\onedrive\desktop\intro to game programming\assignments\lunar lander\lunar lander\debug\lunar lander.tlog\link.34908.read.1.tlog
c:\users\20027\onedrive\desktop\intro to game programming\assignments\lunar lander\lunar lander\debug\lunar lander.tlog\link.34908.write.1.tlog
c:\users\20027\onedrive\desktop\intro to game programming\assignments\lunar lander\lunar lander\debug\lunar lander.tlog\link.command.1.tlog
c:\users\20027\onedrive\desktop\intro to game programming\assignments\lunar lander\lunar lander\debug\lunar lander.tlog\link.read.1.tlog
c:\users\20027\onedrive\desktop\intro to game programming\assignments\lunar lander\lunar lander\debug\lunar lander.tlog\link.secondary.1.tlog
c:\users\20027\onedrive\desktop\intro to game programming\assignments\lunar lander\lunar lander\debug\lunar lander.tlog\link.write.1.tlog
